<?xml version="1.0" encoding="UTF-8"?>
<!-- Generated by org.testng.reporters.JUnitXMLReporter -->
<testsuite ignored="0" hostname="LAPTOP-05F35INE" failures="0" tests="3" name="bike laon" time="0.019" errors="0" timestamp="14 Feb 2021 17:06:14 GMT">
  <testcase classname="Day1.practise4Test" name="apibikeloan" time="0.002"/>
  <testcase classname="Day1.practise4Test" name="webbikeloan" time="0.002"/>
  <testcase classname="Day1.practise4Test" name="mobbikeloan" time="0.003"/>
</testsuite> <!-- bike laon -->
