<?xml version="1.0" encoding="UTF-8"?>
<!-- Generated by org.testng.reporters.JUnitXMLReporter -->
<testsuite ignored="2" hostname="LAPTOP-05F35INE" failures="0" tests="5" name="car laon" time="0.131" errors="0" timestamp="14 Feb 2021 17:06:14 GMT">
  <testcase classname="Day1.practise3Test" name="apicarloan" time="0.01"/>
  <testcase classname="Day1.practise3Test" name="webcarloan" time="0.002"/>
  <testcase classname="Day1.practise5Test" name="carrent" time="0.003"/>
  <testcase classname="Day1.practise5Test" name="carrent" time="0.018"/>
  <testcase classname="Day1.practise5Test" name="carrent" time="0.002"/>
  <testcase classname="Day1.practise3Test" name="mobdocuments" time="0.0">
    <ignored/>
  </testcase> <!-- mobdocuments -->
  <testcase classname="Day1.practise3Test" name="mobcarloan" time="0.0">
    <ignored/>
  </testcase> <!-- mobcarloan -->
</testsuite> <!-- car laon -->
