<?xml version="1.0" encoding="UTF-8"?>
<!-- Generated by org.testng.reporters.JUnitXMLReporter -->
<testsuite ignored="1" hostname="LAPTOP-05F35INE" failures="0" tests="2" name="Personal laon" time="0.072" errors="0" timestamp="14 Feb 2021 17:06:14 GMT">
  <testcase classname="Day1.practiseTest" name="login" time="0.008"/>
  <testcase classname="Day1.practise2Test" name="logout" time="0.005"/>
  <testcase classname="Day1.practiseTest" name="gift" time="0.0">
    <ignored/>
  </testcase> <!-- gift -->
</testsuite> <!-- Personal laon -->
