<?xml version="1.0" encoding="UTF-8"?>
<!-- Generated by org.testng.reporters.JUnitXMLReporter -->
<testsuite ignored="0" hostname="LAPTOP-05F35INE" failures="0" tests="3" name="Default test" time="0.041" errors="0" timestamp="15 Feb 2021 14:36:07 GMT">
  <testcase classname="Day1.practise5Test" name="carrent" time="0.01"/>
  <testcase classname="Day1.practise5Test" name="carrent" time="0.002"/>
  <testcase classname="Day1.practise5Test" name="carrent" time="0.001"/>
</testsuite> <!-- Default test -->
