<?xml version="1.0" encoding="UTF-8"?>
<!-- Generated by org.testng.reporters.JUnitXMLReporter -->
<testsuite ignored="0" hostname="LAPTOP-05F35INE" failures="0" tests="3" name="Regression" time="0.053" errors="0" timestamp="15 Feb 2021 14:33:03 GMT">
  <testcase classname="Day1.practise5Test" name="carrent" time="0.014"/>
  <testcase classname="Day1.practise5Test" name="carrent" time="0.0"/>
  <testcase classname="Day1.practise5Test" name="carrent" time="0.015"/>
</testsuite> <!-- Regression -->
