<?xml version="1.0" encoding="UTF-8"?>
<testng-results ignored="0" total="3" passed="3" failed="0" skipped="0">
  <reporter-output>
  </reporter-output>
  <suite started-at="2021-02-15T14:36:07Z" name="Default suite" finished-at="2021-02-15T14:36:07Z" duration-ms="41">
    <groups>
    </groups>
    <test started-at="2021-02-15T14:36:07Z" name="Default test" finished-at="2021-02-15T14:36:07Z" duration-ms="41">
      <class name="Day1.practise5Test">
        <test-method is-config="true" signature="DupliBusinessrulesdeclare()[pri:0, instance:Day1.practise5Test@72bd06ca]" started-at="2021-02-15T20:06:07Z" name="DupliBusinessrulesdeclare" finished-at="2021-02-15T20:06:07Z" duration-ms="8" status="PASS">
          <reporter-output>
          </reporter-output>
        </test-method> <!-- DupliBusinessrulesdeclare -->
        <test-method signature="carrent(java.lang.String, java.lang.String)[pri:0, instance:Day1.practise5Test@72bd06ca]" started-at="2021-02-15T20:06:07Z" name="carrent" data-provider="SearchProvider" finished-at="2021-02-15T20:06:07Z" duration-ms="10" status="PASS">
          <params>
            <param index="0">
              <value>
                <![CDATA[Senbiga]]>
              </value>
            </param>
            <param index="1">
              <value>
                <![CDATA[pass1234]]>
              </value>
            </param>
          </params>
          <reporter-output>
          </reporter-output>
        </test-method> <!-- carrent -->
        <test-method signature="carrent(java.lang.String, java.lang.String)[pri:0, instance:Day1.practise5Test@72bd06ca]" started-at="2021-02-15T20:06:07Z" name="carrent" data-provider="SearchProvider" finished-at="2021-02-15T20:06:07Z" duration-ms="2" status="PASS">
          <params>
            <param index="0">
              <value>
                <![CDATA[Karthi]]>
              </value>
            </param>
            <param index="1">
              <value>
                <![CDATA[pass5678]]>
              </value>
            </param>
          </params>
          <reporter-output>
          </reporter-output>
        </test-method> <!-- carrent -->
        <test-method signature="carrent(java.lang.String, java.lang.String)[pri:0, instance:Day1.practise5Test@72bd06ca]" started-at="2021-02-15T20:06:07Z" name="carrent" data-provider="SearchProvider" finished-at="2021-02-15T20:06:07Z" duration-ms="1" status="PASS">
          <params>
            <param index="0">
              <value>
                <![CDATA[mukunth]]>
              </value>
            </param>
            <param index="1">
              <value>
                <![CDATA[pass4321]]>
              </value>
            </param>
          </params>
          <reporter-output>
          </reporter-output>
        </test-method> <!-- carrent -->
        <test-method is-config="true" signature="DupliBusinessrulesclose()[pri:0, instance:Day1.practise5Test@72bd06ca]" started-at="2021-02-15T20:06:07Z" name="DupliBusinessrulesclose" finished-at="2021-02-15T20:06:07Z" duration-ms="1" status="PASS">
          <reporter-output>
          </reporter-output>
        </test-method> <!-- DupliBusinessrulesclose -->
      </class> <!-- Day1.practise5Test -->
    </test> <!-- Default test -->
  </suite> <!-- Default suite -->
</testng-results>
